{"C:\\repositories\\courses\\codeinstitute\\pp5\\charity\\static\\js\\toast.js": {"path":"C:\\repositories\\courses\\codeinstitute\\pp5\\charity\\static\\js\\toast.js","statementMap":{"0":{"start":{"line":5,"column":14},"end":{"line":47,"column":1}},"1":{"start":{"line":22,"column":35},"end":{"line":22,"column":87}},"2":{"start":{"line":23,"column":31},"end":{"line":23,"column":59}},"3":{"start":{"line":26,"column":27},"end":{"line":26,"column":96}},"4":{"start":{"line":28,"column":36},"end":{"line":29,"column":93}},"5":{"start":{"line":29,"column":8},"end":{"line":29,"column":92}},"6":{"start":{"line":32,"column":8},"end":{"line":32,"column":41}},"7":{"start":{"line":33,"column":8},"end":{"line":33,"column":53}},"8":{"start":{"line":36,"column":33},"end":{"line":36,"column":72}},"9":{"start":{"line":36,"column":61},"end":{"line":36,"column":71}},"10":{"start":{"line":39,"column":8},"end":{"line":39,"column":70}},"11":{"start":{"line":41,"column":8},"end":{"line":45,"column":18}},"12":{"start":{"line":49,"column":0},"end":{"line":49,"column":78}}},"fnMap":{"0":{"name":"(anonymous_0)","decl":{"start":{"line":22,"column":21},"end":{"line":22,"column":22}},"loc":{"start":{"line":22,"column":35},"end":{"line":22,"column":87}},"line":22},"1":{"name":"(anonymous_1)","decl":{"start":{"line":23,"column":17},"end":{"line":23,"column":18}},"loc":{"start":{"line":23,"column":31},"end":{"line":23,"column":59}},"line":23},"2":{"name":"(anonymous_2)","decl":{"start":{"line":26,"column":16},"end":{"line":26,"column":17}},"loc":{"start":{"line":26,"column":27},"end":{"line":26,"column":96}},"line":26},"3":{"name":"(anonymous_3)","decl":{"start":{"line":28,"column":30},"end":{"line":28,"column":31}},"loc":{"start":{"line":28,"column":36},"end":{"line":29,"column":93}},"line":28},"4":{"name":"(anonymous_4)","decl":{"start":{"line":28,"column":87},"end":{"line":28,"column":88}},"loc":{"start":{"line":29,"column":8},"end":{"line":29,"column":92}},"line":29},"5":{"name":"(anonymous_5)","decl":{"start":{"line":31,"column":14},"end":{"line":31,"column":15}},"loc":{"start":{"line":31,"column":26},"end":{"line":34,"column":5}},"line":31},"6":{"name":"(anonymous_6)","decl":{"start":{"line":36,"column":23},"end":{"line":36,"column":24}},"loc":{"start":{"line":36,"column":33},"end":{"line":36,"column":72}},"line":36},"7":{"name":"(anonymous_7)","decl":{"start":{"line":36,"column":56},"end":{"line":36,"column":57}},"loc":{"start":{"line":36,"column":61},"end":{"line":36,"column":71}},"line":36},"8":{"name":"(anonymous_8)","decl":{"start":{"line":38,"column":10},"end":{"line":38,"column":11}},"loc":{"start":{"line":38,"column":16},"end":{"line":46,"column":5}},"line":38}},"branchMap":{"0":{"loc":{"start":{"line":29,"column":8},"end":{"line":29,"column":92}},"type":"binary-expr","locations":[{"start":{"line":29,"column":8},"end":{"line":29,"column":40}},{"start":{"line":29,"column":44},"end":{"line":29,"column":92}}],"line":29},"1":{"loc":{"start":{"line":49,"column":0},"end":{"line":49,"column":77}},"type":"binary-expr","locations":[{"start":{"line":49,"column":1},"end":{"line":49,"column":30}},{"start":{"line":49,"column":34},"end":{"line":49,"column":48}},{"start":{"line":49,"column":54},"end":{"line":49,"column":76}}],"line":49}},"s":{"0":1,"1":2,"2":2,"3":3,"4":4,"5":1,"6":3,"7":3,"8":2,"9":4,"10":1,"11":1,"12":1},"f":{"0":2,"1":2,"2":3,"3":4,"4":1,"5":3,"6":2,"7":4,"8":1},"b":{"0":[1,1],"1":[1,1,1]},"_coverageSchema":"1a1c01bbd47fc00a2c39e90264f33305004495a9","hash":"e8c4da2079fa08ac461a8e6d880c493524b6272a"}
}
