TN:
SF:static\js\toast.js
FN:22,(anonymous_0)
FN:23,(anonymous_1)
FN:26,(anonymous_2)
FN:28,(anonymous_3)
FN:28,(anonymous_4)
FN:31,(anonymous_5)
FN:36,(anonymous_6)
FN:36,(anonymous_7)
FN:38,(anonymous_8)
FNF:9
FNH:9
FNDA:2,(anonymous_0)
FNDA:2,(anonymous_1)
FNDA:3,(anonymous_2)
FNDA:4,(anonymous_3)
FNDA:1,(anonymous_4)
FNDA:3,(anonymous_5)
FNDA:2,(anonymous_6)
FNDA:4,(anonymous_7)
FNDA:1,(anonymous_8)
DA:5,1
DA:22,2
DA:23,2
DA:26,3
DA:28,4
DA:29,1
DA:32,3
DA:33,3
DA:36,4
DA:39,1
DA:41,1
DA:49,1
LF:12
LH:12
BRDA:29,0,0,1
BRDA:29,0,1,1
BRDA:49,1,0,1
BRDA:49,1,1,1
BRDA:49,1,2,1
BRF:5
BRH:5
end_of_record
